
[2021-04-13 16:52:19] Traceback (most recent call last):
  File "d:\Documents\Python\jeepgui\jeepguiwindows\lib\site-packages\kivy\core\window\window_sdl2.py", line 256, in _event_filter
    EventLoop.idle()
  File "d:\Documents\Python\jeepgui\jeepguiwindows\lib\site-packages\kivy\base.py", line 399, in idle
    Clock.tick_draw()
  File "d:\Documents\Python\jeepgui\jeepguiwindows\lib\site-packages\kivy\clock.py", line 783, in tick_draw
    self._process_events_before_frame()
  File "kivy\_clock.pyx", line 658, in kivy._clock.CyClockBase._process_events_before_frame
  File "kivy\_clock.pyx", line 701, in kivy._clock.CyClockBase._process_events_before_frame
  File "kivy\_clock.pyx", line 697, in kivy._clock.CyClockBase._process_events_before_frame
  File "kivy\_clock.pyx", line 218, in kivy._clock.ClockEvent.tick
  File "d:\Documents\Python\jeepgui\jeepguiwindows\lib\site-packages\kivy\uix\boxlayout.py", line 323, in do_layout
    c.size = (w, h)
  File "kivy\properties.pyx", line 498, in kivy.properties.Property.__set__
  File "kivy\properties.pyx", line 1372, in kivy.properties.ReferenceListProperty.set
  File "kivy\properties.pyx", line 600, in kivy.properties.Property.dispatch
  File "kivy\_event.pyx", line 1248, in kivy._event.EventObservers.dispatch
  File "kivy\_event.pyx", line 1154, in kivy._event.EventObservers._dispatch
  File "d:\Documents\Python\jeepgui\main2.py", line 352, in size_changed
    self.start_cef()
  File "d:\Documents\Python\jeepgui\main2.py", line 493, in start_cef
    self._client_handler = ClientHandler(self)
NameError: name 'ClientHandler' is not defined


[2021-04-13 17:48:06] Traceback (most recent call last):
  File "d:\Documents\Python\jeepgui\jeepguiwindows\lib\site-packages\kivy\core\window\window_sdl2.py", line 256, in _event_filter
    EventLoop.idle()
  File "d:\Documents\Python\jeepgui\jeepguiwindows\lib\site-packages\kivy\base.py", line 387, in idle
    Clock.tick()
  File "d:\Documents\Python\jeepgui\jeepguiwindows\lib\site-packages\kivy\clock.py", line 733, in tick
    self.post_idle(ts, self.idle())
  File "d:\Documents\Python\jeepgui\jeepguiwindows\lib\site-packages\kivy\clock.py", line 776, in post_idle
    self._process_events()
  File "kivy\_clock.pyx", line 616, in kivy._clock.CyClockBase._process_events
  File "kivy\_clock.pyx", line 649, in kivy._clock.CyClockBase._process_events
  File "kivy\_clock.pyx", line 645, in kivy._clock.CyClockBase._process_events
  File "kivy\_clock.pyx", line 218, in kivy._clock.ClockEvent.tick
  File "d:\Documents\Python\jeepgui\main2.py", line 312, in update
    self.text_layout.text = self.gps_text
AttributeError: 'GPS_widget' object has no attribute 'text_layout'


[2021-04-13 17:51:28] Traceback (most recent call last):
  File "d:\Documents\Python\jeepgui\jeepguiwindows\lib\site-packages\kivy\core\window\window_sdl2.py", line 256, in _event_filter
    EventLoop.idle()
  File "d:\Documents\Python\jeepgui\jeepguiwindows\lib\site-packages\kivy\base.py", line 387, in idle
    Clock.tick()
  File "d:\Documents\Python\jeepgui\jeepguiwindows\lib\site-packages\kivy\clock.py", line 733, in tick
    self.post_idle(ts, self.idle())
  File "d:\Documents\Python\jeepgui\jeepguiwindows\lib\site-packages\kivy\clock.py", line 776, in post_idle
    self._process_events()
  File "kivy\_clock.pyx", line 616, in kivy._clock.CyClockBase._process_events
  File "kivy\_clock.pyx", line 649, in kivy._clock.CyClockBase._process_events
  File "kivy\_clock.pyx", line 645, in kivy._clock.CyClockBase._process_events
  File "kivy\_clock.pyx", line 218, in kivy._clock.ClockEvent.tick
  File "d:\Documents\Python\jeepgui\main2.py", line 312, in update
    self.text_layout.text = self.gps_text
AttributeError: 'GPS_widget' object has no attribute 'text_layout'

